l-asparagine
l-aspartic acid
glucosamine
glucose
lipid A
cholesterol
adenine
cytosine
glucose-6-phosphate
fructose-1,6-bisphosphate
tubulin
insulin
l-alanine
l-glycine
l-serine
l-phenylalanine
l-tyrosine
D-glucose
D-fructose
D-galactose
sucrose
lactose
cholesterol
palmitic acid
oleic acid
stearic acid
arachidic acid
adenine
guanine
cytosine
thymine
uracil
ATP
ADP
NAD+
NADH
lactate
glycylglycine
alanine dipeptide
l-alanine
l-glycine
l-serine
l-phenylalanine
l-tyrosine
D-glucose
D-fructose
D-galactose
sucrose
lactose
cholesterol
palmitic acid
oleic acid
stearic acid
arachidic acid
adenine
guanine
cytosine
thymine
uracil
ATP
ADP
NAD+
NADH
lactate
glycylglycine
alanine dipeptide
l-alanine
l-glycine
l-serine
l-phenylalanine
l-tyrosine
D-glucose
D-fructose
D-galactose
sucrose
lactose
cholesterol
palmitic acid
oleic acid
stearic acid
arachidic acid
adenine
guanine
cytosine
thymine
uracil
ATP
ADP
NAD+
NADH
lactate
glycylglycine
alanine dipeptide
l-alanine
l-glycine
l-serine
l-phenylalanine
l-tyrosine
D-glucose
D-fructose
D-galactose
sucrose
lactose
cholesterol
palmitic acid
oleic acid
stearic acid
arachidic acid
adenine
guanine
cytosine
thymine
uracil
ATP
ADP
NAD+
NADH
lactate
glycylglycine
alanine dipeptide
l-alanine
l-glycine
l-serine
l-phenylalanine
l-tyrosine
D-glucose
D-fructose
D-galactose
sucrose
lactose
cholesterol
palmitic acid
oleic acid
stearic acid
arachidic acid
adenine
guanine
cytosine
thymine
uracil
ATP
ADP
NAD+
NADH
lactate
glycylglycine
alanine dipeptide
l-alanine
l-glycine
l-serine
l-phenylalanine
l-tyrosine
D-glucose
D-fructose
D-galactose
sucrose
lactose
cholesterol
palmitic acid
oleic acid
stearic acid
arachidic acid
adenine
guanine
cytosine
thymine
uracil
ATP
ADP
NAD+
NADH
lactate
glycylglycine
alanine dipeptide
l-alanine
l-glycine
l-serine
l-phenylalanine
l-tyrosine
D-glucose
D-fructose
D-galactose
sucrose
lactose
cholesterol
palmitic acid
oleic acid
stearic acid
arachidic acid
adenine
guanine
cytosine
thymine
uracil
ATP
ADP
NAD+
NADH
lactate
glycylglycine
alanine dipeptide
alanine
arginine
asparagine
aspartic acid
glutamic acid
glutamine
glycine
histidine
isoleucine
leucine
lysine
methionine
phenylalanine
serine
threonine
tyrosine
valine
caprylic acid
cholesterol
decanoic acid
glycerol
lauric acid
linoleic acid
myristic acid
oleic acid
palmitic acid
stearic acid
adenine
cytidine
cytosine
deoxyuridine
guanine
guanosine
thymidine
thymine
uracil
uric acid
uridine
acetate
acetone
alpha-ketoglutarate
butyrate
choline
citrate
creatine
ethanol
formate
fumarate
lactate
malate
propionate
pyruvate
succinate
urea
alanylglycine
glycylglycine
glucosamine
glucose
mannitol
raffinose
sorbitol
xylitol
